#
# There is insufficient memory for the Java Runtime Environment to continue.
# Native memory allocation (malloc) failed to allocate 65552 bytes for Chunk::new
# Possible reasons:
#   The system is out of physical RAM or swap space
#   In 32 bit mode, the process size limit was hit
# Possible solutions:
#   Reduce memory load on the system
#   Increase physical memory or swap space
#   Check if swap backing store is full
#   Use 64 bit Java on a 64 bit OS
#   Decrease Java heap size (-Xmx/-Xms)
#   Decrease number of Java threads
#   Decrease Java thread stack sizes (-Xss)
#   Set larger code cache with -XX:ReservedCodeCacheSize=
# This output file may be truncated or incomplete.
#
#  Out of Memory Error (allocation.cpp:390), pid=3500, tid=7456
#
# JRE version: Java(TM) SE Runtime Environment (8.0_73-b02) (build 1.8.0_73-b02)
# Java VM: Java HotSpot(TM) 64-Bit Server VM (25.73-b02 mixed mode windows-amd64 compressed oops)
# Failed to write core dump. Minidumps are not enabled by default on client versions of Windows
#

---------------  T H R E A D  ---------------

Current thread (0x0000000014a20800):  JavaThread "C2 CompilerThread1" daemon [_thread_in_native, id=7456, stack(0x0000000016170000,0x0000000016270000)]

Stack: [0x0000000016170000,0x0000000016270000]
[error occurred during error reporting (printing stack bounds), id 0xc0000005]

Native frames: (J=compiled Java code, j=interpreted, Vv=VM code, C=native code)


Current CompileTask:
C2:  15105 2084 %     4       com.android.dx.ssa.ConstCollector::updateConstUses @ 20 (248 bytes)


---------------  P R O C E S S  ---------------

Java Threads: ( => current thread )
  0x000000001654f800 JavaThread "pool-2-thread-4" [_thread_in_Java, id=6640, stack(0x0000000016d70000,0x0000000016e70000)]
  0x000000001653a000 JavaThread "pool-2-thread-3" [_thread_in_Java, id=8072, stack(0x0000000016c70000,0x0000000016d70000)]
  0x0000000016539800 JavaThread "pool-2-thread-2" [_thread_blocked, id=1824, stack(0x0000000016b70000,0x0000000016c70000)]
  0x0000000016532000 JavaThread "pool-3-thread-1" [_thread_blocked, id=7048, stack(0x0000000016a70000,0x0000000016b70000)]
  0x0000000016531800 JavaThread "pool-2-thread-1" [_thread_in_Java, id=10328, stack(0x0000000016970000,0x0000000016a70000)]
  0x0000000014a7e000 JavaThread "Service Thread" daemon [_thread_blocked, id=540, stack(0x0000000016770000,0x0000000016870000)]
  0x0000000014a27000 JavaThread "C1 CompilerThread2" daemon [_thread_blocked, id=10664, stack(0x0000000016270000,0x0000000016370000)]
=>0x0000000014a20800 JavaThread "C2 CompilerThread1" daemon [_thread_in_native, id=7456, stack(0x0000000016170000,0x0000000016270000)]
  0x0000000014a1a800 JavaThread "C2 CompilerThread0" daemon [_thread_in_native, id=9464, stack(0x0000000016070000,0x0000000016170000)]
  0x0000000014a19000 JavaThread "Attach Listener" daemon [_thread_blocked, id=10540, stack(0x0000000015f70000,0x0000000016070000)]
  0x0000000014a17800 JavaThread "Signal Dispatcher" daemon [_thread_blocked, id=4920, stack(0x0000000015e70000,0x0000000015f70000)]
  0x0000000002346000 JavaThread "Finalizer" daemon [_thread_blocked, id=9040, stack(0x0000000015c90000,0x0000000015d90000)]
  0x000000000233d000 JavaThread "Reference Handler" daemon [_thread_blocked, id=7556, stack(0x0000000015b90000,0x0000000015c90000)]
  0x000000000224e000 JavaThread "main" [_thread_in_Java, id=8068, stack(0x0000000002140000,0x0000000002240000)]

Other Threads:
  0x00000000149e7800 VMThread [stack: 0x0000000015a90000,0x0000000015b90000] [id=2588]
  0x00000000163bc800 WatcherThread [stack: 0x0000000016870000,0x0000000016970000] [id=5336]

VM state:not at safepoint (normal execution)

VM Mutex/Monitor currently owned by a thread: None

Heap:
 PSYoungGen      total 292864K, used 82124K [0x00000000eab00000, 0x0000000100000000, 0x0000000100000000)
  eden space 262144K, 24% used [0x00000000eab00000,0x00000000ee9c48f8,0x00000000fab00000)
  from space 30720K, 58% used [0x00000000fab00000,0x00000000fbc6e738,0x00000000fc900000)
  to   space 53248K, 0% used [0x00000000fcc00000,0x00000000fcc00000,0x0000000100000000)
 ParOldGen       total 172032K, used 87469K [0x00000000c0000000, 0x00000000ca800000, 0x00000000eab00000)
  object space 172032K, 50% used [0x00000000c0000000,0x00000000c556b580,0x00000000ca800000)
 Metaspace       used 6453K, capacity 7256K, committed 7424K, reserved 1056768K
  class space    used 617K, capacity 656K, committed 768K, reserved 1048576K

Card table byte_map: [0x0000000011710000,0x0000000011920000] byte_map_base: 0x0000000011110000

Marking Bits: (ParMarkBitMap*) 0x0000000055170600
 Begin Bits: [0x0000000011e80000, 0x0000000012e80000)
 End Bits:   [0x0000000012e80000, 0x0000000013e80000)

Polling page: 0x0000000000940000

CodeCache: size=245760Kb used=9888Kb max_used=9888Kb free=235871Kb
 bounds [0x0000000002350000, 0x0000000002d10000, 0x0000000011350000]
 total_blobs=2393 nmethods=2123 adapters=182
 compilation: enabled

Compilation events (10 events):
Event: 14.773 Thread 0x0000000014a27000 2295       2       com.android.dx.rop.cst.CstLiteral32::compareTo0 (30 bytes)
Event: 14.773 Thread 0x0000000014a27000 nmethod 2295 0x000000000244fc50 code [0x000000000244fda0, 0x000000000244ff70]
Event: 14.806 Thread 0x0000000014a27000 2296       2       com.android.dx.rop.code.Rops::opDiv (29 bytes)
Event: 14.806 Thread 0x0000000014a27000 nmethod 2296 0x00000000024661d0 code [0x0000000002466340, 0x00000000024664e8]
Event: 14.821 Thread 0x0000000014a27000 2297   !   2       com.android.dx.cf.code.BytecodeArray::parseInstruction (2764 bytes)
Event: 14.839 Thread 0x0000000014a27000 nmethod 2297 0x0000000002cf1090 code [0x0000000002cf1fc0, 0x0000000002cf84e8]
Event: 14.865 Thread 0x0000000014a27000 2298       2       java.util.concurrent.locks.AbstractQueuedSynchronizer::addWaiter (50 bytes)
Event: 14.865 Thread 0x0000000014a27000 nmethod 2298 0x000000000246ced0 code [0x000000000246d040, 0x000000000246d2e8]
Event: 14.967 Thread 0x0000000014a27000 2302       2       com.android.dx.dex.file.AnnotationUtils::makeCstArray (57 bytes)
Event: 14.969 Thread 0x0000000014a27000 nmethod 2302 0x000000000246bd90 code [0x000000000246bf80, 0x000000000246c698]

GC Heap History (10 events):
Event: 6.409 GC heap before
{Heap before GC invocations=4 (full 0):
 PSYoungGen      total 71680K, used 71673K [0x00000000eab00000, 0x00000000f3700000, 0x0000000100000000)
  eden space 66560K, 100% used [0x00000000eab00000,0x00000000eec00000,0x00000000eec00000)
  from space 5120K, 99% used [0x00000000eec00000,0x00000000ef0fe520,0x00000000ef100000)
  to   space 5120K, 0% used [0x00000000f3200000,0x00000000f3200000,0x00000000f3700000)
 ParOldGen       total 87552K, used 17186K [0x00000000c0000000, 0x00000000c5580000, 0x00000000eab00000)
  object space 87552K, 19% used [0x00000000c0000000,0x00000000c10c8af8,0x00000000c5580000)
 Metaspace       used 6288K, capacity 7192K, committed 7424K, reserved 1056768K
  class space    used 616K, capacity 656K, committed 768K, reserved 1048576K
Event: 6.604 GC heap after
Heap after GC invocations=4 (full 0):
 PSYoungGen      total 138240K, used 5117K [0x00000000eab00000, 0x00000000f3700000, 0x0000000100000000)
  eden space 133120K, 0% used [0x00000000eab00000,0x00000000eab00000,0x00000000f2d00000)
  from space 5120K, 99% used [0x00000000f3200000,0x00000000f36ff508,0x00000000f3700000)
  to   space 5120K, 0% used [0x00000000f2d00000,0x00000000f2d00000,0x00000000f3200000)
 ParOldGen       total 87552K, used 27325K [0x00000000c0000000, 0x00000000c5580000, 0x00000000eab00000)
  object space 87552K, 31% used [0x00000000c0000000,0x00000000c1aaf438,0x00000000c5580000)
 Metaspace       used 6288K, capacity 7192K, committed 7424K, reserved 1056768K
  class space    used 616K, capacity 656K, committed 768K, reserved 1048576K
}
Event: 7.695 GC heap before
{Heap before GC invocations=5 (full 0):
 PSYoungGen      total 138240K, used 138237K [0x00000000eab00000, 0x00000000f3700000, 0x0000000100000000)
  eden space 133120K, 100% used [0x00000000eab00000,0x00000000f2d00000,0x00000000f2d00000)
  from space 5120K, 99% used [0x00000000f3200000,0x00000000f36ff508,0x00000000f3700000)
  to   space 5120K, 0% used [0x00000000f2d00000,0x00000000f2d00000,0x00000000f3200000)
 ParOldGen       total 87552K, used 27325K [0x00000000c0000000, 0x00000000c5580000, 0x00000000eab00000)
  object space 87552K, 31% used [0x00000000c0000000,0x00000000c1aaf438,0x00000000c5580000)
 Metaspace       used 6347K, capacity 7192K, committed 7424K, reserved 1056768K
  class space    used 616K, capacity 656K, committed 768K, reserved 1048576K
Event: 7.806 GC heap after
Heap after GC invocations=5 (full 0):
 PSYoungGen      total 138240K, used 5102K [0x00000000eab00000, 0x00000000fe300000, 0x0000000100000000)
  eden space 133120K, 0% used [0x00000000eab00000,0x00000000eab00000,0x00000000f2d00000)
  from space 5120K, 99% used [0x00000000f2d00000,0x00000000f31fbb00,0x00000000f3200000)
  to   space 26624K, 0% used [0x00000000fc900000,0x00000000fc900000,0x00000000fe300000)
 ParOldGen       total 87552K, used 46949K [0x00000000c0000000, 0x00000000c5580000, 0x00000000eab00000)
  object space 87552K, 53% used [0x00000000c0000000,0x00000000c2dd95a0,0x00000000c5580000)
 Metaspace       used 6347K, capacity 7192K, committed 7424K, reserved 1056768K
  class space    used 616K, capacity 656K, committed 768K, reserved 1048576K
}
Event: 10.445 GC heap before
{Heap before GC invocations=6 (full 0):
 PSYoungGen      total 138240K, used 138222K [0x00000000eab00000, 0x00000000fe300000, 0x0000000100000000)
  eden space 133120K, 100% used [0x00000000eab00000,0x00000000f2d00000,0x00000000f2d00000)
  from space 5120K, 99% used [0x00000000f2d00000,0x00000000f31fbb00,0x00000000f3200000)
  to   space 26624K, 0% used [0x00000000fc900000,0x00000000fc900000,0x00000000fe300000)
 ParOldGen       total 87552K, used 46949K [0x00000000c0000000, 0x00000000c5580000, 0x00000000eab00000)
  object space 87552K, 53% used [0x00000000c0000000,0x00000000c2dd95a0,0x00000000c5580000)
 Metaspace       used 6422K, capacity 7256K, committed 7424K, reserved 1056768K
  class space    used 616K, capacity 656K, committed 768K, reserved 1048576K
Event: 10.612 GC heap after
Heap after GC invocations=6 (full 0):
 PSYoungGen      total 288768K, used 25591K [0x00000000eab00000, 0x00000000feb00000, 0x0000000100000000)
  eden space 262144K, 0% used [0x00000000eab00000,0x00000000eab00000,0x00000000fab00000)
  from space 26624K, 96% used [0x00000000fc900000,0x00000000fe1fdee8,0x00000000fe300000)
  to   space 30720K, 0% used [0x00000000fab00000,0x00000000fab00000,0x00000000fc900000)
 ParOldGen       total 87552K, used 46957K [0x00000000c0000000, 0x00000000c5580000, 0x00000000eab00000)
  object space 87552K, 53% used [0x00000000c0000000,0x00000000c2ddb5a0,0x00000000c5580000)
 Metaspace       used 6422K, capacity 7256K, committed 7424K, reserved 1056768K
  class space    used 616K, capacity 656K, committed 768K, reserved 1048576K
}
Event: 12.188 GC heap before
{Heap before GC invocations=7 (full 0):
 PSYoungGen      total 288768K, used 287735K [0x00000000eab00000, 0x00000000feb00000, 0x0000000100000000)
  eden space 262144K, 100% used [0x00000000eab00000,0x00000000fab00000,0x00000000fab00000)
  from space 26624K, 96% used [0x00000000fc900000,0x00000000fe1fdee8,0x00000000fe300000)
  to   space 30720K, 0% used [0x00000000fab00000,0x00000000fab00000,0x00000000fc900000)
 ParOldGen       total 87552K, used 46957K [0x00000000c0000000, 0x00000000c5580000, 0x00000000eab00000)
  object space 87552K, 53% used [0x00000000c0000000,0x00000000c2ddb5a0,0x00000000c5580000)
 Metaspace       used 6450K, capacity 7256K, committed 7424K, reserved 1056768K
  class space    used 617K, capacity 656K, committed 768K, reserved 1048576K
Event: 12.785 GC heap after
Heap after GC invocations=7 (full 0):
 PSYoungGen      total 292864K, used 30700K [0x00000000eab00000, 0x0000000100000000, 0x0000000100000000)
  eden space 262144K, 0% used [0x00000000eab00000,0x00000000eab00000,0x00000000fab00000)
  from space 30720K, 99% used [0x00000000fab00000,0x00000000fc8fb048,0x00000000fc900000)
  to   space 53248K, 0% used [0x00000000fcc00000,0x00000000fcc00000,0x0000000100000000)
 ParOldGen       total 87552K, used 81364K [0x00000000c0000000, 0x00000000c5580000, 0x00000000eab00000)
  object space 87552K, 92% used [0x00000000c0000000,0x00000000c4f752e0,0x00000000c5580000)
 Metaspace       used 6450K, capacity 7256K, committed 7424K, reserved 1056768K
  class space    used 617K, capacity 656K, committed 768K, reserved 1048576K
}
Event: 12.785 GC heap before
{Heap before GC invocations=8 (full 1):
 PSYoungGen      total 292864K, used 30700K [0x00000000eab00000, 0x0000000100000000, 0x0000000100000000)
  eden space 262144K, 0% used [0x00000000eab00000,0x00000000eab00000,0x00000000fab00000)
  from space 30720K, 99% used [0x00000000fab00000,0x00000000fc8fb048,0x00000000fc900000)
  to   space 53248K, 0% used [0x00000000fcc00000,0x00000000fcc00000,0x0000000100000000)
 ParOldGen       total 87552K, used 81364K [0x00000000c0000000, 0x00000000c5580000, 0x00000000eab00000)
  object space 87552K, 92% used [0x00000000c0000000,0x00000000c4f752e0,0x00000000c5580000)
 Metaspace       used 6450K, capacity 7256K, committed 7424K, reserved 1056768K
  class space    used 617K, capacity 656K, committed 768K, reserved 1048576K
Event: 14.647 GC heap after
Heap after GC invocations=8 (full 1):
 PSYoungGen      total 292864K, used 17849K [0x00000000eab00000, 0x0000000100000000, 0x0000000100000000)
  eden space 262144K, 0% used [0x00000000eab00000,0x00000000eab00000,0x00000000fab00000)
  from space 30720K, 58% used [0x00000000fab00000,0x00000000fbc6e738,0x00000000fc900000)
  to   space 53248K, 0% used [0x00000000fcc00000,0x00000000fcc00000,0x0000000100000000)
 ParOldGen       total 172032K, used 87469K [0x00000000c0000000, 0x00000000ca800000, 0x00000000eab00000)
  object space 172032K, 50% used [0x00000000c0000000,0x00000000c556b580,0x00000000ca800000)
 Metaspace       used 6450K, capacity 7256K, committed 7424K, reserved 1056768K
  class space    used 617K, capacity 656K, committed 768K, reserved 1048576K
}

Deoptimization events (10 events):
Event: 9.810 Thread 0x000000000224e000 Uncommon trap: reason=class_check action=maybe_recompile pc=0x0000000002c356b0 method=com.android.dx.cf.code.BytecodeArray.parseInstruction(ILcom/android/dx/cf/code/BytecodeArray$Visitor;)I @ 1287
Event: 9.823 Thread 0x0000000016531800 Uncommon trap: reason=class_check action=maybe_recompile pc=0x0000000002c356b0 method=com.android.dx.cf.code.BytecodeArray.parseInstruction(ILcom/android/dx/cf/code/BytecodeArray$Visitor;)I @ 1287
Event: 9.824 Thread 0x0000000016531800 Uncommon trap: reason=class_check action=maybe_recompile pc=0x0000000002c356b0 method=com.android.dx.cf.code.BytecodeArray.parseInstruction(ILcom/android/dx/cf/code/BytecodeArray$Visitor;)I @ 1287
Event: 10.879 Thread 0x000000001653a000 Uncommon trap: reason=unstable_if action=reinterpret pc=0x00000000029bc38c method=com.android.dx.ssa.MoveParamCombiner$1.visitNonMoveInsn(Lcom/android/dx/ssa/NormalSsaInsn;)V @ 27
Event: 11.472 Thread 0x000000000224e000 Uncommon trap: reason=unstable_if action=reinterpret pc=0x000000000293c970 method=com.android.dx.ssa.SCCP.simulateBranch(Lcom/android/dx/ssa/SsaInsn;)V @ 548
Event: 14.680 Thread 0x0000000016531800 Uncommon trap: reason=bimorphic action=maybe_recompile pc=0x00000000028ee008 method=com.android.dx.ssa.LiteralOpUpgrader.tryReplacingWithConstant(Lcom/android/dx/ssa/NormalSsaInsn;)Z @ 62
Event: 14.818 Thread 0x0000000016539800 Uncommon trap: reason=bimorphic action=maybe_recompile pc=0x0000000002cc6308 method=com.android.dx.cf.code.BytecodeArray.parseInstruction(ILcom/android/dx/cf/code/BytecodeArray$Visitor;)I @ 1130
Event: 14.818 Thread 0x0000000016539800 Uncommon trap: reason=bimorphic action=maybe_recompile pc=0x0000000002cc6308 method=com.android.dx.cf.code.BytecodeArray.parseInstruction(ILcom/android/dx/cf/code/BytecodeArray$Visitor;)I @ 1130
Event: 14.861 Thread 0x0000000016531800 Uncommon trap: reason=bimorphic action=maybe_recompile pc=0x00000000028ee008 method=com.android.dx.ssa.LiteralOpUpgrader.tryReplacingWithConstant(Lcom/android/dx/ssa/NormalSsaInsn;)Z @ 62
Event: 14.962 Thread 0x0000000016531800 Uncommon trap: reason=bimorphic action=maybe_recompile pc=0x0000000002b33be4 method=com.android.dx.rop.code.RegisterSpec.getFrameType()Lcom/android/dx/rop/type/TypeBearer; @ 4

Internal exceptions (8 events):
Event: 0.055 Thread 0x000000000224e000 Exception <a 'java/lang/NoSuchMethodError': Method sun.misc.Unsafe.defineClass(Ljava/lang/String;[BII)Ljava/lang/Class; name or signature does not match> (0x00000000eab0d590) thrown at [D:\re\puppet\workspace\8-2-build-windows-amd64-cygwin\jdk8u73\6086\hot-èy˛´?
Event: 0.055 Thread 0x000000000224e000 Exception <a 'java/lang/NoSuchMethodError': Method sun.misc.Unsafe.prefetchRead(Ljava/lang/Object;J)V name or signature does not match> (0x00000000eab0d878) thrown at [D:\re\puppet\workspace\8-2-build-windows-amd64-cygwin\jdk8u73\6086\hotspot\src\share\vm\wÁ
b$t@
Event: 2.682 Thread 0x000000000224e000 Implicit null exception at 0x0000000002796aa2 to 0x0000000002796b9a
Event: 2.948 Thread 0x0000000016531800 Implicit null exception at 0x0000000002797173 to 0x0000000002797e49
Event: 3.137 Thread 0x000000001654f800 Implicit null exception at 0x000000000278f921 to 0x000000000279044d
Event: 3.907 Thread 0x0000000016531800 Exception <a 'java/lang/ArrayIndexOutOfBoundsException': 18> (0x00000000ec8eccc0) thrown at [D:\re\puppet\workspace\8-2-build-windows-amd64-cygwin\jdk8u73\6086\hotspot\src\share\vm\interpreter\interpreterRuntime.cpp, line 366]
Event: 3.908 Thread 0x0000000016531800 Exception <a 'java/lang/ArrayIndexOutOfBoundsException'> (0x00000000ec8ee840) thrown at [D:\re\puppet\workspace\8-2-build-windows-amd64-cygwin\jdk8u73\6086\hotspot\src\share\vm\runtime\sharedRuntime.cpp, line 605]
Event: 3.910 Thread 0x0000000016531800 Exception <a 'java/lang/ArrayIndexOutOfBoundsException'> (0x00000000ec8efb28) thrown at [D:\re\puppet\workspace\8-2-build-windows-amd64-cygwin\jdk8u73\6086\hotspot\src\share\vm\runtime\sharedRuntime.cpp, line 605]

Events (10 events):
Event: 14.934 Thread 0x0000000016531800 DEOPT UNPACKING pc=0x000000000239787f sp=0x0000000016a6e5d0 mode 0
Event: 14.962 Thread 0x0000000016531800 Uncommon trap: trap_request=0xffffffc6 fr.pc=0x0000000002b33be4
Event: 14.962 Thread 0x0000000016531800 DEOPT PACKING pc=0x0000000002b33be4 sp=0x0000000016a6dc50
Event: 14.962 Thread 0x0000000016531800 DEOPT UNPACKING pc=0x000000000239582a sp=0x0000000016a6dac0 mode 2
Event: 14.978 Thread 0x000000001653a000 DEOPT PACKING pc=0x00000000027bfcf9 sp=0x0000000016d6e7c0
Event: 14.978 Thread 0x000000001653a000 DEOPT UNPACKING pc=0x000000000239787f sp=0x0000000016d6e600 mode 0
Event: 14.996 Thread 0x000000001654f800 DEOPT PACKING pc=0x00000000026d79cc sp=0x0000000016e6e6f0
Event: 14.996 Thread 0x000000001654f800 DEOPT UNPACKING pc=0x000000000239787f sp=0x0000000016e6e408 mode 0
Event: 15.056 Thread 0x0000000016531800 DEOPT PACKING pc=0x00000000026c323d sp=0x0000000016a6e960
Event: 15.061 Thread 0x0000000016531800 DEOPT UNPACKING pc=0x000000000239787f sp=0x0000000016a6e700 mode 0


Dynamic libraries:
0x00007ff60d860000 - 0x00007ff60d897000 	C:\Program Files\Java\jdk1.8.0_73\bin\java.exe
0x00007ff884730000 - 0x00007ff8848f1000 	C:\WINDOWS\SYSTEM32\ntdll.dll
0x00007ff8821f0000 - 0x00007ff88229d000 	C:\WINDOWS\system32\KERNEL32.DLL
0x00007ff8816b0000 - 0x00007ff881898000 	C:\WINDOWS\system32\KERNELBASE.dll
0x00007ff883c50000 - 0x00007ff883cf7000 	C:\WINDOWS\system32\ADVAPI32.dll
0x00007ff8843c0000 - 0x00007ff88445d000 	C:\WINDOWS\system32\msvcrt.dll
0x00007ff884460000 - 0x00007ff8844bb000 	C:\WINDOWS\system32\sechost.dll
0x00007ff884110000 - 0x00007ff88422c000 	C:\WINDOWS\system32\RPCRT4.dll
0x00007ff8844c0000 - 0x00007ff884616000 	C:\WINDOWS\system32\USER32.dll
0x00007ff884230000 - 0x00007ff8843b6000 	C:\WINDOWS\system32\GDI32.dll
0x00007ff8784d0000 - 0x00007ff878744000 	C:\WINDOWS\WinSxS\amd64_microsoft.windows.common-controls_6595b64144ccf1df_6.0.10586.0_none_8c15ae12515e1c22\COMCTL32.dll
0x00007ff8822a0000 - 0x00007ff88251d000 	C:\WINDOWS\system32\combase.dll
0x00007ff881540000 - 0x00007ff8815aa000 	C:\WINDOWS\system32\bcryptPrimitives.dll
0x00007ff881b30000 - 0x00007ff881b6b000 	C:\WINDOWS\system32\IMM32.DLL
0x00000000544e0000 - 0x00000000545b2000 	C:\Program Files\Java\jdk1.8.0_73\jre\bin\msvcr100.dll
0x0000000054960000 - 0x00000000551f0000 	C:\Program Files\Java\jdk1.8.0_73\jre\bin\server\jvm.dll
0x00007ff882150000 - 0x00007ff882158000 	C:\WINDOWS\system32\PSAPI.DLL
0x00007ff87f370000 - 0x00007ff87f393000 	C:\WINDOWS\SYSTEM32\WINMM.dll
0x00007ff878770000 - 0x00007ff87877a000 	C:\WINDOWS\SYSTEM32\VERSION.dll
0x00007ff87d590000 - 0x00007ff87d599000 	C:\WINDOWS\SYSTEM32\WSOCK32.dll
0x00007ff882680000 - 0x00007ff8826eb000 	C:\WINDOWS\system32\WS2_32.dll
0x0000000000910000 - 0x000000000093c000 	C:\WINDOWS\SYSTEM32\WINMMBASE.dll
0x00007ff881660000 - 0x00007ff8816a3000 	C:\WINDOWS\system32\cfgmgr32.dll
0x0000000054950000 - 0x000000005495f000 	C:\Program Files\Java\jdk1.8.0_73\jre\bin\verify.dll
0x0000000054920000 - 0x0000000054949000 	C:\Program Files\Java\jdk1.8.0_73\jre\bin\java.dll
0x0000000054900000 - 0x0000000054916000 	C:\Program Files\Java\jdk1.8.0_73\jre\bin\zip.dll
0x00007ff8826f0000 - 0x00007ff883c4c000 	C:\WINDOWS\system32\SHELL32.dll
0x00007ff880e60000 - 0x00007ff8814a5000 	C:\WINDOWS\system32\windows.storage.dll
0x00007ff881b70000 - 0x00007ff881bc2000 	C:\WINDOWS\system32\shlwapi.dll
0x00007ff880dd0000 - 0x00007ff880ddf000 	C:\WINDOWS\system32\kernel.appcore.dll
0x00007ff881a70000 - 0x00007ff881b25000 	C:\WINDOWS\system32\shcore.dll
0x00007ff880d80000 - 0x00007ff880dcb000 	C:\WINDOWS\system32\powrprof.dll
0x00007ff880d50000 - 0x00007ff880d64000 	C:\WINDOWS\system32\profapi.dll

VM Arguments:
jvm_args: -Djava.awt.headless=true -Xmx1024M -Dfile.encoding=windows-1252 -Duser.country=US -Duser.language=en -Duser.variant 
java_command: com.android.dx.command.Main --dex --num-threads=4 --multi-dex --main-dex-list C:\Users\Phan Anh\OneDrive\DemoGridView\app\build\intermediates\multi-dex\debug\maindexlist.txt --output C:\Users\Phan Anh\OneDrive\DemoGridView\app\build\intermediates\transforms\dex\debug\folders\1000\1f\main C:\Users\Phan Anh\OneDrive\DemoGridView\app\build\intermediates\transforms\jarMerging\debug\jars\1\1f\combined.jar
java_class_path (initial): D:\Android\sdk\build-tools\23.0.1\lib\dx.jar
Launcher Type: SUN_STANDARD

Environment Variables:
JAVA_HOME=C:\Program Files\Java\jdk1.8.0_73
PATH=C:\ProgramData\Oracle\Java\javapath;C:\WINDOWS\system32;C:\WINDOWS;C:\WINDOWS\System32\Wbem;C:\WINDOWS\System32\WindowsPowerShell\v1.0\C:\Program Files\Java\jdk1.8.0_73\bin;.; ;C:\Program Files (x86)\NVIDIA Corporation\PhysX\Common;C:\Program Files (x86)\Windows Kits\8.1\Windows Performance Toolkit\;C:\Program Files\Microsoft SQL Server\110\Tools\Binn\;C:\Program Files\Microsoft SQL Server\Client SDK\ODBC\110\Tools\Binn\;C:\Program Files (x86)\Microsoft SQL Server\120\Tools\Binn\;C:\Program Files\Microsoft SQL Server\120\Tools\Binn\;C:\Program Files\Microsoft SQL Server\120\DTS\Binn\;C:\Program Files (x86)\Microsoft SQL Server\120\Tools\Binn\ManagementStudio\;C:\Program Files (x86)\Microsoft SQL Server\120\DTS\Binn\
USERNAME=Phan Anh
OS=Windows_NT
PROCESSOR_IDENTIFIER=Intel64 Family 6 Model 69 Stepping 1, GenuineIntel



---------------  S Y S T E M  ---------------

OS: Windows 10.0 , 64 bit Build 10586 (10.0.10586.0)

CPU:total 4 (2 cores per cpu, 2 threads per core) family 6 model 69 stepping 1, cmov, cx8, fxsr, mmx, sse, sse2, sse3, ssse3, sse4.1, sse4.2, popcnt, avx, avx2, aes, clmul, erms, lzcnt, ht, tsc, tscinvbit, bmi1, bmi2

Memory: 4k page, physical 8268984k(161024k free), swap 12364984k(5608k free)

vm_info: Java HotSpot(TM) 64-Bit Server VM (25.73-b02) for windows-amd64 JRE (1.8.0_73-b02), built on Jan 29 2016 17:38:49 by "java_re" with MS VC++ 10.0 (VS2010)

time: Wed Mar 23 12:04:16 2016
elapsed time: 15 seconds (0d 0h 0m 15s)

